  win32_platform.cpp
C:\Users\Admin\source\repos\Pong\Pong\renderer.cpp(9,42): warning C4305: 'initializing': truncation from 'double' to 'float'
C:\Users\Admin\source\repos\Pong\Pong\renderer.cpp(42,12): warning C4244: '=': conversion from 'float' to 'int', possible loss of data
C:\Users\Admin\source\repos\Pong\Pong\renderer.cpp(43,12): warning C4244: '=': conversion from 'float' to 'int', possible loss of data
C:\Users\Admin\source\repos\Pong\Pong\renderer.cpp(44,12): warning C4244: '=': conversion from 'float' to 'int', possible loss of data
C:\Users\Admin\source\repos\Pong\Pong\renderer.cpp(45,12): warning C4244: '=': conversion from 'float' to 'int', possible loss of data
C:\Users\Admin\source\repos\Pong\Pong\game.cpp(14,56): warning C4305: 'initializing': truncation from 'double' to 'float'
C:\Users\Admin\source\repos\Pong\Pong\game.cpp(43,34): warning C4244: '+=': conversion from 'double' to 'float', possible loss of data
C:\Users\Admin\source\repos\Pong\Pong\game.cpp(47,34): warning C4244: '+=': conversion from 'double' to 'float', possible loss of data
C:\Users\Admin\source\repos\Pong\Pong\game.cpp(174,42): warning C4244: '=': conversion from 'int' to 'float', possible loss of data
C:\Users\Admin\source\repos\Pong\Pong\game.cpp(194,59): warning C4305: 'initializing': truncation from 'double' to 'float'
C:\Users\Admin\source\repos\Pong\Pong\game.cpp(250,71): warning C4244: 'argument': conversion from 'const float' to 'int', possible loss of data
C:\Users\Admin\source\repos\Pong\Pong\game.cpp(250,66): warning C4244: 'argument': conversion from 'float' to 'int', possible loss of data
C:\Users\Admin\source\repos\Pong\Pong\game.cpp(250,36): warning C4244: 'argument': conversion from 'const float' to 'int', possible loss of data
C:\Users\Admin\source\repos\Pong\Pong\game.cpp(250,35): warning C4244: '=': conversion from 'int' to 'float', possible loss of data
C:\Users\Admin\source\repos\Pong\Pong\game.cpp(256,71): warning C4244: 'argument': conversion from 'const float' to 'int', possible loss of data
C:\Users\Admin\source\repos\Pong\Pong\game.cpp(256,66): warning C4244: 'argument': conversion from 'float' to 'int', possible loss of data
C:\Users\Admin\source\repos\Pong\Pong\game.cpp(256,36): warning C4244: 'argument': conversion from 'const float' to 'int', possible loss of data
C:\Users\Admin\source\repos\Pong\Pong\game.cpp(256,35): warning C4244: '=': conversion from 'int' to 'float', possible loss of data
C:\Users\Admin\source\repos\Pong\Pong\game.cpp(308,106): warning C4244: '+=': conversion from 'double' to 'float', possible loss of data
C:\Users\Admin\source\repos\Pong\Pong\game.cpp(309,106): warning C4244: '-=': conversion from 'double' to 'float', possible loss of data
  Generating code
<<<<<<< HEAD
  1 of 216 functions ( 0.5%) were compiled, the rest were copied from previous compilation.
    0 functions were new in current compilation
    0 functions had inline decision re-evaluated but remain unchanged
=======
  Previous IPDB and IOBJ mismatch, fall back to full compilation.
  All 216 functions were compiled because no usable IPDB/IOBJ from previous compilation was found.
>>>>>>> 3d354787a3ffaed10664a286702c048d3f1c2576
  Finished generating code
  Pong.vcxproj -> C:\Users\Admin\source\repos\Pong\x64\Release\Pong.exe
